2026-06-06|c024492010|liblogging: Bump to 1.0.8.
2026-06-06|34df7d66ff|libgcal: Diabling tests and adding -DCMAKE_POLICY_VERSION_MINIMUM=3.5.
2026-06-06|3514771787|mediastreamer: Bump to 5.4.119.
2026-06-06|d99c36aa5f|bcmatroska2: Bump to 5.4.118.
2026-06-06|d26c7b3188|mcrypt: Adjusting BUILD.
2026-06-06|aeeefb3273|libmcrypt: Adding some patches.
2026-06-06|d895192a8f|gpgmepp: Linting DETAILS.
2026-06-06|0b2777e7d4|gnupg: Version bumped to 2.5.20
2026-06-06|48e716e72e|Botan3: Bump to 3.12.0.
2026-06-06|5fba73b1ac|dnsmasq: version bumped to 2.93
2026-06-06|087753a718|rpm: Rmoving. Cannot find sources. All listings here;
2026-06-06|8a064fe936|zfs, zfs-utils: version bumped to 2.4.2
2026-06-06|e49ef3984a|ruby: version bumped to 4.0.5
2026-06-06|c90e3f21c4|sqlite: fix the compile without tcl support
2026-06-06|ad58e624d3|mutt: version bumped to 2.3.2
2026-06-06|7aa43c11db|libreoffice-bin : version bumped to 26.2.4
2026-06-06|d7d4caffa1|ImageMagick: version bumped to 7.1.2-25
2026-06-06|ed42a20140|mariadb: Version bumped to 12.3.2
2026-06-05|5f47fbeec0|firefox: Bump to 151.0.3.
2026-06-06|76b0639921|octave: Version bumped to 11.3.0